2016-05-27 22:11:58 [127.0.0.1][-][-][error][yii\base\ErrorException:8] exception 'yii\base\ErrorException' with message 'MemcachePool::get(): ' in E:\wamp\www\mygit\redeem\vendor\yiisoft\yii2\caching\MemCache.php:259
Stack trace:
#0 E:\wamp\www\mygit\redeem\vendor\yiisoft\yii2\caching\Cache.php(104): yii\caching\MemCache->getValue()
#1 E:\wamp\www\mygit\redeem\vendor\yiisoft\yii2\web\UrlManager.php(151): yii\caching\Cache->get()
#2 E:\wamp\www\mygit\redeem\vendor\yiisoft\yii2\base\Object.php(107): yii\web\UrlManager->init()
#3 E:\wamp\www\mygit\redeem\vendor\yiisoft\yii2\di\Container.php(372): yii\base\Object->__construct()
#4 E:\wamp\www\mygit\redeem\vendor\yiisoft\yii2\di\Container.php(372): ReflectionClass->newInstanceArgs()
#5 E:\wamp\www\mygit\redeem\vendor\yiisoft\yii2\di\Container.php(151): yii\di\Container->build()
#6 E:\wamp\www\mygit\redeem\vendor\yiisoft\yii2\BaseYii.php(344): yii\di\Container->get()
#7 E:\wamp\www\mygit\redeem\vendor\yiisoft\yii2\di\ServiceLocator.php(133): yii\BaseYii::createObject()
#8 E:\wamp\www\mygit\redeem\vendor\yiisoft\yii2\base\Application.php(563): yii\di\ServiceLocator->get()
#9 E:\wamp\www\mygit\redeem\vendor\yiisoft\yii2-debug\Module.php(132): yii\base\Application->getUrlManager()
#10 E:\wamp\www\mygit\redeem\vendor\yiisoft\yii2\base\Application.php(315): yii\debug\Module->bootstrap()
#11 E:\wamp\www\mygit\redeem\vendor\yiisoft\yii2\web\Application.php(63): yii\base\Application->bootstrap()
#12 E:\wamp\www\mygit\redeem\vendor\yiisoft\yii2\base\Application.php(267): yii\web\Application->bootstrap()
#13 E:\wamp\www\mygit\redeem\vendor\yiisoft\yii2\base\Object.php(107): yii\base\Application->init()
#14 E:\wamp\www\mygit\redeem\vendor\yiisoft\yii2\base\Application.php(206): yii\base\Object->__construct()
#15 E:\wamp\www\mygit\redeem\backend\web\index.php(28): yii\base\Application->__construct()
#16 {main}
2016-05-27 22:11:57 [127.0.0.1][-][-][info][application] $_SERVER = [
    'HTTP_HOST' => 'www.redeem_back.com'
    'HTTP_USER_AGENT' => 'Mozilla/5.0 (Windows NT 6.3; WOW64; rv:46.0) Gecko/20100101 Firefox/46.0'
    'HTTP_ACCEPT' => 'text/html,application/xhtml+xml,application/xml;q=0.9,*/*;q=0.8'
    'HTTP_ACCEPT_LANGUAGE' => 'zh-CN,zh;q=0.8,en-US;q=0.5,en;q=0.3'
    'HTTP_ACCEPT_ENCODING' => 'gzip, deflate'
    'HTTP_CONNECTION' => 'keep-alive'
    'HTTP_CACHE_CONTROL' => 'max-age=0'
    'PATH' => 'C:\\Program Files (x86)\\Intel\\iCLS Client\\;C:\\Program Files\\Intel\\iCLS Client\\;C:\\windows\\system32;C:\\windows;C:\\windows\\System32\\Wbem;C:\\windows\\System32\\WindowsPowerShell\\v1.0\\;C:\\Program Files\\Intel\\Intel(R) Management Engine Components\\DAL;C:\\Program Files (x86)\\Intel\\Intel(R) Management Engine Components\\DAL;C:\\Program Files\\Intel\\Intel(R) Management Engine Components\\IPT;C:\\Program Files (x86)\\Intel\\Intel(R) Management Engine Components\\IPT;C:\\Program Files (x86)\\ATI Technologies\\ATI.ACE\\Core-Static;C:\\ProgramData\\Lenovo\\ReadyApps;C:\\Program Files\\TortoiseSVN\\bin;'
    'SystemRoot' => 'C:\\windows'
    'COMSPEC' => 'C:\\windows\\system32\\cmd.exe'
    'PATHEXT' => '.COM;.EXE;.BAT;.CMD;.VBS;.VBE;.JS;.JSE;.WSF;.WSH;.MSC'
    'WINDIR' => 'C:\\windows'
    'SERVER_SIGNATURE' => '<address>Apache/2.4.9 (Win64) PHP/5.5.12 Server at www.redeem_back.com Port 80</address>
'
    'SERVER_SOFTWARE' => 'Apache/2.4.9 (Win64) PHP/5.5.12'
    'SERVER_NAME' => 'www.redeem_back.com'
    'SERVER_ADDR' => '127.0.0.1'
    'SERVER_PORT' => '80'
    'REMOTE_ADDR' => '127.0.0.1'
    'DOCUMENT_ROOT' => 'E:/wamp/www/mygit/redeem/backend/web'
    'REQUEST_SCHEME' => 'http'
    'CONTEXT_PREFIX' => ''
    'CONTEXT_DOCUMENT_ROOT' => 'E:/wamp/www/mygit/redeem/backend/web'
    'SERVER_ADMIN' => '582609838@qq.com'
    'SCRIPT_FILENAME' => 'E:/wamp/www/mygit/redeem/backend/web/index.php'
    'REMOTE_PORT' => '49170'
    'GATEWAY_INTERFACE' => 'CGI/1.1'
    'SERVER_PROTOCOL' => 'HTTP/1.1'
    'REQUEST_METHOD' => 'GET'
    'QUERY_STRING' => ''
    'REQUEST_URI' => '/'
    'SCRIPT_NAME' => '/index.php'
    'PHP_SELF' => '/index.php'
    'REQUEST_TIME_FLOAT' => 1464358317.41
    'REQUEST_TIME' => 1464358317
]
2016-05-27 22:13:57 [127.0.0.1][-][-][error][ReflectionException] exception 'ReflectionException' with message 'Class yii\gii\Module does not exist' in E:\wamp\www\mygit\redeem\vendor\yiisoft\yii2\di\Container.php:415
Stack trace:
#0 E:\wamp\www\mygit\redeem\vendor\yiisoft\yii2\di\Container.php(415): ReflectionClass->__construct('yii\\gii\\Module')
#1 E:\wamp\www\mygit\redeem\vendor\yiisoft\yii2\di\Container.php(358): yii\di\Container->getDependencies('yii\\gii\\Module')
#2 E:\wamp\www\mygit\redeem\vendor\yiisoft\yii2\di\Container.php(151): yii\di\Container->build('yii\\gii\\Module', Array, Array)
#3 E:\wamp\www\mygit\redeem\vendor\yiisoft\yii2\BaseYii.php(344): yii\di\Container->get('yii\\gii\\Module', Array, Array)
#4 E:\wamp\www\mygit\redeem\vendor\yiisoft\yii2\base\Module.php(354): yii\BaseYii::createObject(Array, Array)
#5 E:\wamp\www\mygit\redeem\vendor\yiisoft\yii2\base\Application.php(304): yii\base\Module->getModule('gii')
#6 E:\wamp\www\mygit\redeem\vendor\yiisoft\yii2\web\Application.php(63): yii\base\Application->bootstrap()
#7 E:\wamp\www\mygit\redeem\vendor\yiisoft\yii2\base\Application.php(267): yii\web\Application->bootstrap()
#8 E:\wamp\www\mygit\redeem\vendor\yiisoft\yii2\base\Object.php(107): yii\base\Application->init()
#9 E:\wamp\www\mygit\redeem\vendor\yiisoft\yii2\base\Application.php(206): yii\base\Object->__construct(Array)
#10 E:\wamp\www\mygit\redeem\backend\web\index.php(28): yii\base\Application->__construct(Array)
#11 {main}
2016-05-27 22:13:57 [127.0.0.1][-][-][info][application] $_SERVER = [
    'HTTP_HOST' => 'www.redeem_back.com'
    'HTTP_USER_AGENT' => 'Mozilla/5.0 (Windows NT 6.3; WOW64; rv:46.0) Gecko/20100101 Firefox/46.0'
    'HTTP_ACCEPT' => 'text/html,application/xhtml+xml,application/xml;q=0.9,*/*;q=0.8'
    'HTTP_ACCEPT_LANGUAGE' => 'zh-CN,zh;q=0.8,en-US;q=0.5,en;q=0.3'
    'HTTP_ACCEPT_ENCODING' => 'gzip, deflate'
    'HTTP_CONNECTION' => 'keep-alive'
    'HTTP_CACHE_CONTROL' => 'max-age=0'
    'PATH' => 'C:\\Program Files (x86)\\Intel\\iCLS Client\\;C:\\Program Files\\Intel\\iCLS Client\\;C:\\windows\\system32;C:\\windows;C:\\windows\\System32\\Wbem;C:\\windows\\System32\\WindowsPowerShell\\v1.0\\;C:\\Program Files\\Intel\\Intel(R) Management Engine Components\\DAL;C:\\Program Files (x86)\\Intel\\Intel(R) Management Engine Components\\DAL;C:\\Program Files\\Intel\\Intel(R) Management Engine Components\\IPT;C:\\Program Files (x86)\\Intel\\Intel(R) Management Engine Components\\IPT;C:\\Program Files (x86)\\ATI Technologies\\ATI.ACE\\Core-Static;C:\\ProgramData\\Lenovo\\ReadyApps;C:\\Program Files\\TortoiseSVN\\bin;'
    'SystemRoot' => 'C:\\windows'
    'COMSPEC' => 'C:\\windows\\system32\\cmd.exe'
    'PATHEXT' => '.COM;.EXE;.BAT;.CMD;.VBS;.VBE;.JS;.JSE;.WSF;.WSH;.MSC'
    'WINDIR' => 'C:\\windows'
    'SERVER_SIGNATURE' => '<address>Apache/2.4.9 (Win64) PHP/5.5.12 Server at www.redeem_back.com Port 80</address>
'
    'SERVER_SOFTWARE' => 'Apache/2.4.9 (Win64) PHP/5.5.12'
    'SERVER_NAME' => 'www.redeem_back.com'
    'SERVER_ADDR' => '127.0.0.1'
    'SERVER_PORT' => '80'
    'REMOTE_ADDR' => '127.0.0.1'
    'DOCUMENT_ROOT' => 'E:/wamp/www/mygit/redeem/backend/web'
    'REQUEST_SCHEME' => 'http'
    'CONTEXT_PREFIX' => ''
    'CONTEXT_DOCUMENT_ROOT' => 'E:/wamp/www/mygit/redeem/backend/web'
    'SERVER_ADMIN' => '582609838@qq.com'
    'SCRIPT_FILENAME' => 'E:/wamp/www/mygit/redeem/backend/web/index.php'
    'REMOTE_PORT' => '49200'
    'GATEWAY_INTERFACE' => 'CGI/1.1'
    'SERVER_PROTOCOL' => 'HTTP/1.1'
    'REQUEST_METHOD' => 'GET'
    'QUERY_STRING' => ''
    'REQUEST_URI' => '/'
    'SCRIPT_NAME' => '/index.php'
    'PHP_SELF' => '/index.php'
    'REQUEST_TIME_FLOAT' => 1464358437.225
    'REQUEST_TIME' => 1464358437
]
2016-05-27 22:16:55 [127.0.0.1][-][-][error][ReflectionException] exception 'ReflectionException' with message 'Class yii\gii\Module does not exist' in E:\wamp\www\mygit\redeem\vendor\yiisoft\yii2\di\Container.php:415
Stack trace:
#0 E:\wamp\www\mygit\redeem\vendor\yiisoft\yii2\di\Container.php(415): ReflectionClass->__construct('yii\\gii\\Module')
#1 E:\wamp\www\mygit\redeem\vendor\yiisoft\yii2\di\Container.php(358): yii\di\Container->getDependencies('yii\\gii\\Module')
#2 E:\wamp\www\mygit\redeem\vendor\yiisoft\yii2\di\Container.php(151): yii\di\Container->build('yii\\gii\\Module', Array, Array)
#3 E:\wamp\www\mygit\redeem\vendor\yiisoft\yii2\BaseYii.php(344): yii\di\Container->get('yii\\gii\\Module', Array, Array)
#4 E:\wamp\www\mygit\redeem\vendor\yiisoft\yii2\base\Module.php(354): yii\BaseYii::createObject(Array, Array)
#5 E:\wamp\www\mygit\redeem\vendor\yiisoft\yii2\base\Application.php(304): yii\base\Module->getModule('gii')
#6 E:\wamp\www\mygit\redeem\vendor\yiisoft\yii2\web\Application.php(63): yii\base\Application->bootstrap()
#7 E:\wamp\www\mygit\redeem\vendor\yiisoft\yii2\base\Application.php(267): yii\web\Application->bootstrap()
#8 E:\wamp\www\mygit\redeem\vendor\yiisoft\yii2\base\Object.php(107): yii\base\Application->init()
#9 E:\wamp\www\mygit\redeem\vendor\yiisoft\yii2\base\Application.php(206): yii\base\Object->__construct(Array)
#10 E:\wamp\www\mygit\redeem\backend\web\index.php(28): yii\base\Application->__construct(Array)
#11 {main}
2016-05-27 22:16:55 [127.0.0.1][-][-][info][application] $_SERVER = [
    'HTTP_HOST' => 'www.redeem_back.com'
    'HTTP_USER_AGENT' => 'Mozilla/5.0 (Windows NT 6.3; WOW64; rv:46.0) Gecko/20100101 Firefox/46.0'
    'HTTP_ACCEPT' => 'text/html,application/xhtml+xml,application/xml;q=0.9,*/*;q=0.8'
    'HTTP_ACCEPT_LANGUAGE' => 'zh-CN,zh;q=0.8,en-US;q=0.5,en;q=0.3'
    'HTTP_ACCEPT_ENCODING' => 'gzip, deflate'
    'HTTP_CONNECTION' => 'keep-alive'
    'HTTP_CACHE_CONTROL' => 'max-age=0'
    'PATH' => 'C:\\Program Files (x86)\\Intel\\iCLS Client\\;C:\\Program Files\\Intel\\iCLS Client\\;C:\\windows\\system32;C:\\windows;C:\\windows\\System32\\Wbem;C:\\windows\\System32\\WindowsPowerShell\\v1.0\\;C:\\Program Files\\Intel\\Intel(R) Management Engine Components\\DAL;C:\\Program Files (x86)\\Intel\\Intel(R) Management Engine Components\\DAL;C:\\Program Files\\Intel\\Intel(R) Management Engine Components\\IPT;C:\\Program Files (x86)\\Intel\\Intel(R) Management Engine Components\\IPT;C:\\Program Files (x86)\\ATI Technologies\\ATI.ACE\\Core-Static;C:\\ProgramData\\Lenovo\\ReadyApps;C:\\Program Files\\TortoiseSVN\\bin;'
    'SystemRoot' => 'C:\\windows'
    'COMSPEC' => 'C:\\windows\\system32\\cmd.exe'
    'PATHEXT' => '.COM;.EXE;.BAT;.CMD;.VBS;.VBE;.JS;.JSE;.WSF;.WSH;.MSC'
    'WINDIR' => 'C:\\windows'
    'SERVER_SIGNATURE' => '<address>Apache/2.4.9 (Win64) PHP/5.5.12 Server at www.redeem_back.com Port 80</address>
'
    'SERVER_SOFTWARE' => 'Apache/2.4.9 (Win64) PHP/5.5.12'
    'SERVER_NAME' => 'www.redeem_back.com'
    'SERVER_ADDR' => '127.0.0.1'
    'SERVER_PORT' => '80'
    'REMOTE_ADDR' => '127.0.0.1'
    'DOCUMENT_ROOT' => 'E:/wamp/www/mygit/redeem/backend/web'
    'REQUEST_SCHEME' => 'http'
    'CONTEXT_PREFIX' => ''
    'CONTEXT_DOCUMENT_ROOT' => 'E:/wamp/www/mygit/redeem/backend/web'
    'SERVER_ADMIN' => '582609838@qq.com'
    'SCRIPT_FILENAME' => 'E:/wamp/www/mygit/redeem/backend/web/index.php'
    'REMOTE_PORT' => '49240'
    'GATEWAY_INTERFACE' => 'CGI/1.1'
    'SERVER_PROTOCOL' => 'HTTP/1.1'
    'REQUEST_METHOD' => 'GET'
    'QUERY_STRING' => ''
    'REQUEST_URI' => '/'
    'SCRIPT_NAME' => '/index.php'
    'PHP_SELF' => '/index.php'
    'REQUEST_TIME_FLOAT' => 1464358615.855
    'REQUEST_TIME' => 1464358615
]
2016-05-27 22:16:58 [127.0.0.1][-][-][error][ReflectionException] exception 'ReflectionException' with message 'Class yii\gii\Module does not exist' in E:\wamp\www\mygit\redeem\vendor\yiisoft\yii2\di\Container.php:415
Stack trace:
#0 E:\wamp\www\mygit\redeem\vendor\yiisoft\yii2\di\Container.php(415): ReflectionClass->__construct('yii\\gii\\Module')
#1 E:\wamp\www\mygit\redeem\vendor\yiisoft\yii2\di\Container.php(358): yii\di\Container->getDependencies('yii\\gii\\Module')
#2 E:\wamp\www\mygit\redeem\vendor\yiisoft\yii2\di\Container.php(151): yii\di\Container->build('yii\\gii\\Module', Array, Array)
#3 E:\wamp\www\mygit\redeem\vendor\yiisoft\yii2\BaseYii.php(344): yii\di\Container->get('yii\\gii\\Module', Array, Array)
#4 E:\wamp\www\mygit\redeem\vendor\yiisoft\yii2\base\Module.php(354): yii\BaseYii::createObject(Array, Array)
#5 E:\wamp\www\mygit\redeem\vendor\yiisoft\yii2\base\Application.php(304): yii\base\Module->getModule('gii')
#6 E:\wamp\www\mygit\redeem\vendor\yiisoft\yii2\web\Application.php(63): yii\base\Application->bootstrap()
#7 E:\wamp\www\mygit\redeem\vendor\yiisoft\yii2\base\Application.php(267): yii\web\Application->bootstrap()
#8 E:\wamp\www\mygit\redeem\vendor\yiisoft\yii2\base\Object.php(107): yii\base\Application->init()
#9 E:\wamp\www\mygit\redeem\vendor\yiisoft\yii2\base\Application.php(206): yii\base\Object->__construct(Array)
#10 E:\wamp\www\mygit\redeem\backend\web\index.php(28): yii\base\Application->__construct(Array)
#11 {main}
2016-05-27 22:16:58 [127.0.0.1][-][-][info][application] $_SERVER = [
    'HTTP_HOST' => 'www.redeem_back.com'
    'HTTP_USER_AGENT' => 'Mozilla/5.0 (Windows NT 6.3; WOW64; rv:46.0) Gecko/20100101 Firefox/46.0'
    'HTTP_ACCEPT' => 'text/html,application/xhtml+xml,application/xml;q=0.9,*/*;q=0.8'
    'HTTP_ACCEPT_LANGUAGE' => 'zh-CN,zh;q=0.8,en-US;q=0.5,en;q=0.3'
    'HTTP_ACCEPT_ENCODING' => 'gzip, deflate'
    'HTTP_CONNECTION' => 'keep-alive'
    'HTTP_CACHE_CONTROL' => 'max-age=0'
    'PATH' => 'C:\\Program Files (x86)\\Intel\\iCLS Client\\;C:\\Program Files\\Intel\\iCLS Client\\;C:\\windows\\system32;C:\\windows;C:\\windows\\System32\\Wbem;C:\\windows\\System32\\WindowsPowerShell\\v1.0\\;C:\\Program Files\\Intel\\Intel(R) Management Engine Components\\DAL;C:\\Program Files (x86)\\Intel\\Intel(R) Management Engine Components\\DAL;C:\\Program Files\\Intel\\Intel(R) Management Engine Components\\IPT;C:\\Program Files (x86)\\Intel\\Intel(R) Management Engine Components\\IPT;C:\\Program Files (x86)\\ATI Technologies\\ATI.ACE\\Core-Static;C:\\ProgramData\\Lenovo\\ReadyApps;C:\\Program Files\\TortoiseSVN\\bin;'
    'SystemRoot' => 'C:\\windows'
    'COMSPEC' => 'C:\\windows\\system32\\cmd.exe'
    'PATHEXT' => '.COM;.EXE;.BAT;.CMD;.VBS;.VBE;.JS;.JSE;.WSF;.WSH;.MSC'
    'WINDIR' => 'C:\\windows'
    'SERVER_SIGNATURE' => '<address>Apache/2.4.9 (Win64) PHP/5.5.12 Server at www.redeem_back.com Port 80</address>
'
    'SERVER_SOFTWARE' => 'Apache/2.4.9 (Win64) PHP/5.5.12'
    'SERVER_NAME' => 'www.redeem_back.com'
    'SERVER_ADDR' => '127.0.0.1'
    'SERVER_PORT' => '80'
    'REMOTE_ADDR' => '127.0.0.1'
    'DOCUMENT_ROOT' => 'E:/wamp/www/mygit/redeem/backend/web'
    'REQUEST_SCHEME' => 'http'
    'CONTEXT_PREFIX' => ''
    'CONTEXT_DOCUMENT_ROOT' => 'E:/wamp/www/mygit/redeem/backend/web'
    'SERVER_ADMIN' => '582609838@qq.com'
    'SCRIPT_FILENAME' => 'E:/wamp/www/mygit/redeem/backend/web/index.php'
    'REMOTE_PORT' => '49241'
    'GATEWAY_INTERFACE' => 'CGI/1.1'
    'SERVER_PROTOCOL' => 'HTTP/1.1'
    'REQUEST_METHOD' => 'GET'
    'QUERY_STRING' => ''
    'REQUEST_URI' => '/'
    'SCRIPT_NAME' => '/index.php'
    'PHP_SELF' => '/index.php'
    'REQUEST_TIME_FLOAT' => 1464358618.682
    'REQUEST_TIME' => 1464358618
]
